# JRE version: OpenJDK Runtime Environment (11.0.10) (build 11.0.10+0-b96-7249189)
# Java VM: OpenJDK 64-Bit Server VM (11.0.10+0-b96-7249189, mixed mode, tiered, compressed oops, g1 gc, windows-amd64)
Heap:
 garbage-first heap   total 1167360K, used 118496K [0x0000000080000000, 0x0000000100000000)
  region size 1024K, 3 young (3072K), 3 survivors (3072K)
 Metaspace       used 131367K, capacity 135709K, committed 136064K, reserved 1167360K
  class space    used 15867K, capacity 17416K, committed 17536K, reserved 1048576K
GC Heap History (20 events):
Event: 11375.537 GC heap after
{Heap after GC invocations=352 (full 1):
 garbage-first heap   total 273408K, used 88926K [0x0000000080000000, 0x0000000100000000)
  region size 1024K, 2 young (2048K), 2 survivors (2048K)
 Metaspace       used 131113K, capacity 135514K, committed 135808K, reserved 1167360K
  class space    used 15860K, capacity 17415K, committed 17536K, reserved 1048576K
}
Event: 11376.591 GC heap before
{Heap before GC invocations=352 (full 1):
 garbage-first heap   total 273408K, used 108382K [0x0000000080000000, 0x0000000100000000)
  region size 1024K, 21 young (21504K), 2 survivors (2048K)
 Metaspace       used 131193K, capacity 135578K, committed 135808K, reserved 1167360K
  class space    used 15860K, capacity 17415K, committed 17536K, reserved 1048576K
}
Event: 11376.634 GC heap after
{Heap after GC invocations=353 (full 1):
 garbage-first heap   total 273408K, used 90873K [0x0000000080000000, 0x0000000100000000)
  region size 1024K, 3 young (3072K), 3 survivors (3072K)
 Metaspace       used 131193K, capacity 135578K, committed 135808K, reserved 1167360K
  class space    used 15860K, capacity 17415K, committed 17536K, reserved 1048576K
}
Event: 11377.477 GC heap before
{Heap before GC invocations=354 (full 1):
 garbage-first heap   total 273408K, used 100089K [0x0000000080000000, 0x0000000100000000)
  region size 1024K, 13 young (13312K), 3 survivors (3072K)
 Metaspace       used 131228K, capacity 135642K, committed 135808K, reserved 1167360K
  class space    used 15860K, capacity 17415K, committed 17536K, reserved 1048576K
}
Event: 11377.732 GC heap after
{Heap after GC invocations=355 (full 1):
 garbage-first heap   total 273408K, used 92639K [0x0000000080000000, 0x0000000100000000)
  region size 1024K, 2 young (2048K), 2 survivors (2048K)
 Metaspace       used 131228K, capacity 135642K, committed 135808K, reserved 1167360K
  class space    used 15860K, capacity 17415K, committed 17536K, reserved 1048576K
}
Event: 11378.188 GC heap before
{Heap before GC invocations=355 (full 1):
 garbage-first heap   total 273408K, used 103903K [0x0000000080000000, 0x0000000100000000)
  region size 1024K, 13 young (13312K), 2 survivors (2048K)
 Metaspace       used 131231K, capacity 135642K, committed 135808K, reserved 1167360K
  class space    used 15860K, capacity 17415K, committed 17536K, reserved 1048576K
}
Event: 11378.457 GC heap after
{Heap after GC invocations=356 (full 1):
 garbage-first heap   total 273408K, used 95120K [0x0000000080000000, 0x0000000100000000)
  region size 1024K, 2 young (2048K), 2 survivors (2048K)
 Metaspace       used 131231K, capacity 135642K, committed 135808K, reserved 1167360K
  class space    used 15860K, capacity 17415K, committed 17536K, reserved 1048576K
}
Event: 11379.587 GC heap before
{Heap before GC invocations=357 (full 1):
 garbage-first heap   total 273408K, used 106384K [0x0000000080000000, 0x0000000100000000)
  region size 1024K, 13 young (13312K), 2 survivors (2048K)
 Metaspace       used 131236K, capacity 135642K, committed 135808K, reserved 1167360K
  class space    used 15860K, capacity 17415K, committed 17536K, reserved 1048576K
}
Event: 11379.734 GC heap after
{Heap after GC invocations=358 (full 1):
 garbage-first heap   total 273408K, used 96962K [0x0000000080000000, 0x0000000100000000)
  region size 1024K, 2 young (2048K), 2 survivors (2048K)
 Metaspace       used 131236K, capacity 135642K, committed 135808K, reserved 1167360K
  class space    used 15860K, capacity 17415K, committed 17536K, reserved 1048576K
}
Event: 11380.108 GC heap before
{Heap before GC invocations=358 (full 1):
 garbage-first heap   total 273408K, used 108226K [0x0000000080000000, 0x0000000100000000)
  region size 1024K, 13 young (13312K), 2 survivors (2048K)
 Metaspace       used 131276K, capacity 135642K, committed 135808K, reserved 1167360K
  class space    used 15860K, capacity 17415K, committed 17536K, reserved 1048576K
}
Event: 11380.313 GC heap after
{Heap after GC invocations=359 (full 1):
 garbage-first heap   total 273408K, used 98332K [0x0000000080000000, 0x0000000100000000)
  region size 1024K, 2 young (2048K), 2 survivors (2048K)
 Metaspace       used 131276K, capacity 135642K, committed 135808K, reserved 1167360K
  class space    used 15860K, capacity 17415K, committed 17536K, reserved 1048576K
}
Event: 11381.096 GC heap before
{Heap before GC invocations=360 (full 1):
 garbage-first heap   total 273408K, used 106524K [0x0000000080000000, 0x0000000100000000)
  region size 1024K, 10 young (10240K), 2 survivors (2048K)
 Metaspace       used 131276K, capacity 135642K, committed 135808K, reserved 1167360K
  class space    used 15860K, capacity 17415K, committed 17536K, reserved 1048576K
}
Event: 11381.523 GC heap after
{Heap after GC invocations=361 (full 1):
 garbage-first heap   total 546816K, used 101163K [0x0000000080000000, 0x0000000100000000)
  region size 1024K, 2 young (2048K), 2 survivors (2048K)
 Metaspace       used 131276K, capacity 135642K, committed 135808K, reserved 1167360K
  class space    used 15860K, capacity 17415K, committed 17536K, reserved 1048576K
}
Event: 11382.848 GC heap before
{Heap before GC invocations=362 (full 1):
 garbage-first heap   total 546816K, used 126763K [0x0000000080000000, 0x0000000100000000)
  region size 1024K, 26 young (26624K), 2 survivors (2048K)
 Metaspace       used 131278K, capacity 135642K, committed 135808K, reserved 1167360K
  class space    used 15860K, capacity 17415K, committed 17536K, reserved 1048576K
}
Event: 11385.044 GC heap after
{Heap after GC invocations=363 (full 1):
 garbage-first heap   total 546816K, used 108791K [0x0000000080000000, 0x0000000100000000)
  region size 1024K, 4 young (4096K), 4 survivors (4096K)
 Metaspace       used 131278K, capacity 135642K, committed 135808K, reserved 1167360K
  class space    used 15860K, capacity 17415K, committed 17536K, reserved 1048576K
}
Event: 11386.035 GC heap before
{Heap before GC invocations=363 (full 1):
 garbage-first heap   total 546816K, used 131319K [0x0000000080000000, 0x0000000100000000)
  region size 1024K, 26 young (26624K), 4 survivors (4096K)
 Metaspace       used 131283K, capacity 135642K, committed 135808K, reserved 1167360K
  class space    used 15860K, capacity 17415K, committed 17536K, reserved 1048576K
}
Event: 11386.522 GC heap after
{Heap after GC invocations=364 (full 1):
 garbage-first heap   total 546816K, used 113087K [0x0000000080000000, 0x0000000100000000)
  region size 1024K, 4 young (4096K), 4 survivors (4096K)
 Metaspace       used 131283K, capacity 135642K, committed 135808K, reserved 1167360K
  class space    used 15860K, capacity 17415K, committed 17536K, reserved 1048576K
}
Event: 11387.763 GC heap before
{Heap before GC invocations=365 (full 1):
 garbage-first heap   total 546816K, used 135615K [0x0000000080000000, 0x0000000100000000)
  region size 1024K, 26 young (26624K), 4 survivors (4096K)
 Metaspace       used 131283K, capacity 135642K, committed 135808K, reserved 1167360K
  class space    used 15860K, capacity 17415K, committed 17536K, reserved 1048576K
}
Event: 11388.310 GC heap after
{Heap after GC invocations=366 (full 1):
 garbage-first heap   total 546816K, used 115677K [0x0000000080000000, 0x0000000100000000)
  region size 1024K, 3 young (3072K), 3 survivors (3072K)
 Metaspace       used 131283K, capacity 135642K, committed 135808K, reserved 1167360K
  class space    used 15860K, capacity 17415K, committed 17536K, reserved 1048576K
}
Event: 11389.706 GC heap before
{Heap before GC invocations=366 (full 1):
 garbage-first heap   total 546816K, used 131037K [0x0000000080000000, 0x0000000100000000)
  region size 1024K, 20 young (20480K), 3 survivors (3072K)
 Metaspace       used 131367K, capacity 135709K, committed 136064K, reserved 1167360K
  class space    used 15867K, capacity 17416K, committed 17536K, reserved 1048576K
}

